#
# A fatal error has been detected by the Java Runtime Environment:
#
#  Internal Error (javaClasses.cpp:136), pid=12909, tid=3062352704
#  fatal error: Invalid layout of preloaded class
#
# JRE version:  (7.0_40-b43) (build )
# Java VM: Java HotSpot(TM) Server VM (24.0-b56 mixed mode linux-x86 )
# Failed to write core dump. Core dumps have been disabled. To enable core dumping, try "ulimit -c unlimited" before starting Java again
#
# If you would like to submit a bug report, please visit:
#   http://bugreport.sun.com/bugreport/crash.jsp
#

---------------  T H R E A D  ---------------

Current thread (0xb6707400):  JavaThread "Unknown thread" [_thread_in_vm, id=12912, stack(0xb682c000,0xb687d000)]

Stack: [0xb682c000,0xb687d000],  sp=0xb687bd80,  free space=319k
Native frames: (J=compiled Java code, j=interpreted, Vv=VM code, C=native code)
V  [libjvm.so+0x7dc0e6]  VMError::report_and_die()+0x1a6
V  [libjvm.so+0x33a8ec]  report_fatal(char const*, int, char const*)+0x4c
V  [libjvm.so+0x484dee]  compute_offset(int&, klassOopDesc*, Symbol*, Symbol*, bool)+0x10e
V  [libjvm.so+0x487144]  java_lang_String::compute_offsets()+0x44
V  [libjvm.so+0x76963d]  SystemDictionary::initialize_preloaded_classes(Thread*)+0x22d
V  [libjvm.so+0x7b2070]  Universe::genesis(Thread*)+0x410
V  [libjvm.so+0x7b24df]  universe2_init()+0x1f
V  [libjvm.so+0x44a040]  init_globals()+0xa0
V  [libjvm.so+0x79a510]  Threads::create_vm(JavaVMInitArgs*, bool*)+0x200
V  [libjvm.so+0x4bba3c]  JNI_CreateJavaVM+0x5c
C  [libjli.so+0x2668]  JavaMain+0x98
C  [libpthread.so.0+0x6d4c]  start_thread+0xcc


---------------  P R O C E S S  ---------------

Java Threads: ( => current thread )

Other Threads:

=>0xb6707400 (exited) JavaThread "Unknown thread" [_thread_in_vm, id=12912, stack(0xb682c000,0xb687d000)]

VM state:not at safepoint (not fully initialized)

VM Mutex/Monitor currently owned by a thread: None

GC Heap History (0 events):
No events

Deoptimization events (0 events):
No events

Internal exceptions (0 events):
No events

Events (10 events):
Event: 0.007 loading class 0x71b24670 done
Event: 0.007 loading class 0x71b24100 done
Event: 0.007 loading class 0x71b240e0
Event: 0.007 loading class 0x71b2b408
Event: 0.007 loading class 0x71b2b408 done
Event: 0.007 loading class 0x71b2b438
Event: 0.007 loading class 0x71b2b438 done
Event: 0.007 loading class 0x71b2b468
Event: 0.007 loading class 0x71b2b468 done
Event: 0.007 loading class 0x71b240e0 done


Dynamic libraries:
08048000-08049000 r-xp 00000000 08:06 2495324    /usr/lib/jvm/java-7-oracle/bin/java
08049000-0804a000 rw-p 00000000 08:06 2495324    /usr/lib/jvm/java-7-oracle/bin/java
09977000-09998000 rw-p 00000000 00:00 0          [heap]
6ef6d000-6f186000 rw-p 00000000 00:00 0 
6f186000-6f24c000 r--s 0116f000 08:06 1057259    /home/ytong3/Development/adt-bundle-linux-x86/sdk/platforms/android-17/android.jar
6f24c000-71700000 rw-p 00000000 00:00 0 
71700000-71721000 rw-p 00000000 00:00 0 
71721000-71800000 ---p 00000000 00:00 0 
7187f000-71880000 ---p 00000000 00:00 0 
71880000-71900000 rw-p 00000000 00:00 0 
71900000-71921000 rw-p 00000000 00:00 0 
71921000-71a00000 ---p 00000000 00:00 0 
71a00000-71a21000 rw-p 00000000 00:00 0 
71a21000-71b00000 ---p 00000000 00:00 0 
71b24000-71b7f000 rw-p 00000000 00:00 0 
71b7f000-71b80000 ---p 00000000 00:00 0 
71b80000-71c00000 rw-p 00000000 00:00 0 
71c00000-71c21000 rw-p 00000000 00:00 0 
71c21000-71d00000 ---p 00000000 00:00 0 
71d2f000-71d6c000 rw-p 00000000 00:00 0 
71d6c000-71d6d000 ---p 00000000 00:00 0 
71d6d000-71ded000 rw-p 00000000 00:00 0 
71ded000-71dee000 ---p 00000000 00:00 0 
71dee000-71e83000 rw-p 00000000 00:00 0 
71e83000-71fb5000 rw-p 00000000 00:00 0 
71fb5000-71fbd000 rw-p 00000000 00:00 0 
71fbd000-71fd5000 rw-p 00000000 00:00 0 
71fd5000-71fea000 rw-p 00000000 00:00 0 
71fea000-7211b000 rw-p 00000000 00:00 0 
7211b000-72126000 rw-p 00000000 00:00 0 
72126000-721bf000 rw-p 00000000 00:00 0 
721bf000-731c0000 rw-p 00000000 00:00 0 
731c0000-761c0000 rw-p 00000000 00:00 0 
761c0000-78a80000 rw-p 00000000 00:00 0 
78a80000-9ef00000 rw-p 00000000 00:00 0 
9ef00000-a0380000 rw-p 00000000 00:00 0 
a0380000-b35c0000 rw-p 00000000 00:00 0 
b35c9000-b35d1000 rw-p 00000000 00:00 0 
b35d1000-b35e9000 rw-p 00000000 00:00 0 
b35e9000-b35f2000 rw-p 00000000 00:00 0 
b35f2000-b36a9000 rw-p 00000000 00:00 0 
b36a9000-b38e9000 rwxp 00000000 00:00 0 
b38e9000-b66a9000 rw-p 00000000 00:00 0 
b66a9000-b66b4000 r-xp 00000000 08:06 3549842    /lib/i386-linux-gnu/libnss_files-2.15.so
b66b4000-b66b5000 r--p 0000a000 08:06 3549842    /lib/i386-linux-gnu/libnss_files-2.15.so
b66b5000-b66b6000 rw-p 0000b000 08:06 3549842    /lib/i386-linux-gnu/libnss_files-2.15.so
b66b6000-b66c0000 r-xp 00000000 08:06 3549858    /lib/i386-linux-gnu/libnss_nis-2.15.so
b66c0000-b66c1000 r--p 00009000 08:06 3549858    /lib/i386-linux-gnu/libnss_nis-2.15.so
b66c1000-b66c2000 rw-p 0000a000 08:06 3549858    /lib/i386-linux-gnu/libnss_nis-2.15.so
b66c2000-b66d8000 r-xp 00000000 08:06 3549906    /lib/i386-linux-gnu/libnsl-2.15.so
b66d8000-b66d9000 r--p 00015000 08:06 3549906    /lib/i386-linux-gnu/libnsl-2.15.so
b66d9000-b66da000 rw-p 00016000 08:06 3549906    /lib/i386-linux-gnu/libnsl-2.15.so
b66da000-b66dc000 rw-p 00000000 00:00 0 
b66dc000-b66ff000 r-xp 00000000 08:06 2495091    /usr/lib/jvm/java-7-oracle/jre/lib/i386/libjava.so
b66ff000-b6700000 rw-p 00022000 08:06 2495091    /usr/lib/jvm/java-7-oracle/jre/lib/i386/libjava.so
b6700000-b675d000 rw-p 00000000 00:00 0 
b675d000-b6800000 ---p 00000000 00:00 0 
b6802000-b6803000 rw-p 00000000 00:00 0 
b6803000-b681a000 r-xp 00000000 08:06 2495123    /usr/lib/jvm/java-7-oracle/jre/lib/i386/libzip.so
b681a000-b681b000 rw-p 00017000 08:06 2495123    /usr/lib/jvm/java-7-oracle/jre/lib/i386/libzip.so
b681b000-b6823000 rw-s 00000000 08:06 265649     /tmp/hsperfdata_ytong3/12909
b6823000-b682a000 r-xp 00000000 08:06 3549854    /lib/i386-linux-gnu/librt-2.15.so
b682a000-b682b000 r--p 00006000 08:06 3549854    /lib/i386-linux-gnu/librt-2.15.so
b682b000-b682c000 rw-p 00007000 08:06 3549854    /lib/i386-linux-gnu/librt-2.15.so
b682c000-b682f000 ---p 00000000 00:00 0 
b682f000-b687d000 rw-p 00000000 00:00 0 
b687d000-b68a7000 r-xp 00000000 08:06 3549870    /lib/i386-linux-gnu/libm-2.15.so
b68a7000-b68a8000 r--p 00029000 08:06 3549870    /lib/i386-linux-gnu/libm-2.15.so
b68a8000-b68a9000 rw-p 0002a000 08:06 3549870    /lib/i386-linux-gnu/libm-2.15.so
b68a9000-b7120000 r-xp 00000000 08:06 2495104    /usr/lib/jvm/java-7-oracle/jre/lib/i386/server/libjvm.so
b7120000-b7184000 rw-p 00877000 08:06 2495104    /usr/lib/jvm/java-7-oracle/jre/lib/i386/server/libjvm.so
b7184000-b75a8000 rw-p 00000000 00:00 0 
b75a8000-b774b000 r-xp 00000000 08:06 3542840    /lib/i386-linux-gnu/libc-2.15.so
b774b000-b774d000 r--p 001a3000 08:06 3542840    /lib/i386-linux-gnu/libc-2.15.so
b774d000-b774e000 rw-p 001a5000 08:06 3542840    /lib/i386-linux-gnu/libc-2.15.so
b774e000-b7751000 rw-p 00000000 00:00 0 
b7751000-b7754000 r-xp 00000000 08:06 3549886    /lib/i386-linux-gnu/libdl-2.15.so
b7754000-b7755000 r--p 00002000 08:06 3549886    /lib/i386-linux-gnu/libdl-2.15.so
b7755000-b7756000 rw-p 00003000 08:06 3549886    /lib/i386-linux-gnu/libdl-2.15.so
b7756000-b7769000 r-xp 00000000 08:06 2495049    /usr/lib/jvm/java-7-oracle/jre/lib/i386/jli/libjli.so
b7769000-b776a000 rw-p 00012000 08:06 2495049    /usr/lib/jvm/java-7-oracle/jre/lib/i386/jli/libjli.so
b776a000-b776b000 rw-p 00000000 00:00 0 
b776b000-b7782000 r-xp 00000000 08:06 3549862    /lib/i386-linux-gnu/libpthread-2.15.so
b7782000-b7783000 r--p 00016000 08:06 3549862    /lib/i386-linux-gnu/libpthread-2.15.so
b7783000-b7784000 rw-p 00017000 08:06 3549862    /lib/i386-linux-gnu/libpthread-2.15.so
b7784000-b7787000 rw-p 00000000 00:00 0 
b7787000-b7788000 rw-p 00000000 00:00 0 
b7788000-b778f000 r-xp 00000000 08:06 3549832    /lib/i386-linux-gnu/libnss_compat-2.15.so
b778f000-b7790000 r--p 00006000 08:06 3549832    /lib/i386-linux-gnu/libnss_compat-2.15.so
b7790000-b7791000 rw-p 00007000 08:06 3549832    /lib/i386-linux-gnu/libnss_compat-2.15.so
b7791000-b7792000 rw-p 00000000 00:00 0 
b7792000-b7793000 r--p 00000000 00:00 0 
b7793000-b779e000 r-xp 00000000 08:06 2495117    /usr/lib/jvm/java-7-oracle/jre/lib/i386/libverify.so
b779e000-b779f000 rw-p 0000b000 08:06 2495117    /usr/lib/jvm/java-7-oracle/jre/lib/i386/libverify.so
b779f000-b77a1000 rw-p 00000000 00:00 0 
b77a1000-b77a2000 r-xp 00000000 00:00 0          [vdso]
b77a2000-b77c2000 r-xp 00000000 08:06 3549874    /lib/i386-linux-gnu/ld-2.15.so
b77c2000-b77c3000 r--p 0001f000 08:06 3549874    /lib/i386-linux-gnu/ld-2.15.so
b77c3000-b77c4000 rw-p 00020000 08:06 3549874    /lib/i386-linux-gnu/ld-2.15.so
bf933000-bf954000 rw-p 00000000 00:00 0          [stack]

VM Arguments:
jvm_args: -Dfile.encoding=UTF-8 -Xbootclasspath:/home/ytong3/Development/adt-bundle-linux-x86/sdk/platforms/android-17/android.jar 
java_command: DemoForBswabe
Launcher Type: SUN_STANDARD

Environment Variables:
PATH=/usr/lib/lightdm/lightdm:/usr/local/sbin:/usr/local/bin:/usr/sbin:/usr/bin:/sbin:/bin:/usr/games:/home/ytong3/Development/adt-bundle-linux-x86/sdk/platform-tools
LD_LIBRARY_PATH=/usr/lib/jvm/java-7-oracle/jre/lib/i386/server:/usr/lib/jvm/java-7-oracle/jre/lib/i386:/usr/lib/jvm/java-7-oracle/jre/../lib/i386:/usr/lib/jvm/java-7-oracle/jre/lib/i386/client:/usr/lib/jvm/java-7-oracle/jre/lib/i386:
SHELL=/bin/bash
DISPLAY=:0.0

Signal Handlers:
SIGSEGV: [libjvm.so+0x7dcc00], sa_mask[0]=0x7ffbfeff, sa_flags=0x10000004
SIGBUS: [libjvm.so+0x7dcc00], sa_mask[0]=0x7ffbfeff, sa_flags=0x10000004
SIGFPE: [libjvm.so+0x678400], sa_mask[0]=0x7ffbfeff, sa_flags=0x10000004
SIGPIPE: [libjvm.so+0x678400], sa_mask[0]=0x7ffbfeff, sa_flags=0x10000004
SIGXFSZ: [libjvm.so+0x678400], sa_mask[0]=0x7ffbfeff, sa_flags=0x10000004
SIGILL: [libjvm.so+0x678400], sa_mask[0]=0x7ffbfeff, sa_flags=0x10000004
SIGUSR1: SIG_DFL, sa_mask[0]=0x00000000, sa_flags=0x00000000
SIGUSR2: [libjvm.so+0x6798f0], sa_mask[0]=0x00000004, sa_flags=0x10000004
SIGHUP: SIG_DFL, sa_mask[0]=0x00000000, sa_flags=0x00000000
SIGINT: SIG_DFL, sa_mask[0]=0x00000000, sa_flags=0x00000000
SIGTERM: SIG_DFL, sa_mask[0]=0x00000000, sa_flags=0x00000000
SIGQUIT: SIG_DFL, sa_mask[0]=0x00000000, sa_flags=0x00000000


---------------  S Y S T E M  ---------------

OS:wheezy/sid

uname:Linux 3.2.0-53-generic-pae #81-Ubuntu SMP Thu Aug 22 21:23:47 UTC 2013 i686
libc:glibc 2.15 NPTL 2.15 
rlimit: STACK 8192k, CORE 0k, NPROC 31154, NOFILE 4096, AS infinity
load average:0.72 0.50 0.39

/proc/meminfo:
MemTotal:        4008132 kB
MemFree:          626764 kB
Buffers:          304228 kB
Cached:          1875360 kB
SwapCached:            0 kB
Active:          1831984 kB
Inactive:        1351068 kB
Active(anon):    1012064 kB
Inactive(anon):   145476 kB
Active(file):     819920 kB
Inactive(file):  1205592 kB
Unevictable:         132 kB
Mlocked:             132 kB
HighTotal:       3163784 kB
HighFree:         264664 kB
LowTotal:         844348 kB
LowFree:          362100 kB
SwapTotal:       4077564 kB
SwapFree:        4077564 kB
Dirty:               144 kB
Writeback:             0 kB
AnonPages:       1004480 kB
Mapped:           219968 kB
Shmem:            153288 kB
Slab:             155176 kB
SReclaimable:     131792 kB
SUnreclaim:        23384 kB
KernelStack:        4448 kB
PageTables:        15432 kB
NFS_Unstable:          0 kB
Bounce:                0 kB
WritebackTmp:          0 kB
CommitLimit:     6081628 kB
Committed_AS:    4563364 kB
VmallocTotal:     122880 kB
VmallocUsed:       17608 kB
VmallocChunk:     103924 kB
HardwareCorrupted:     0 kB
AnonHugePages:         0 kB
HugePages_Total:       0
HugePages_Free:        0
HugePages_Rsvd:        0
HugePages_Surp:        0
Hugepagesize:       2048 kB
DirectMap4k:       10232 kB
DirectMap2M:      903168 kB


CPU:total 4 (2 cores per cpu, 2 threads per core) family 6 model 42 stepping 7, cmov, cx8, fxsr, mmx, sse, sse2, sse3, ssse3, sse4.1, sse4.2, popcnt, avx, aes, ht, tsc, tscinvbit

/proc/cpuinfo:
processor	: 0
vendor_id	: GenuineIntel
cpu family	: 6
model		: 42
model name	: Intel(R) Core(TM) i5-2520M CPU @ 2.50GHz
stepping	: 7
microcode	: 0x28
cpu MHz		: 2500.000
cache size	: 3072 KB
physical id	: 0
siblings	: 4
core id		: 0
cpu cores	: 2
apicid		: 0
initial apicid	: 0
fdiv_bug	: no
hlt_bug		: no
f00f_bug	: no
coma_bug	: no
fpu		: yes
fpu_exception	: yes
cpuid level	: 13
wp		: yes
flags		: fpu vme de pse tsc msr pae mce cx8 apic sep mtrr pge mca cmov pat pse36 clflush dts acpi mmx fxsr sse sse2 ss ht tm pbe nx rdtscp lm constant_tsc arch_perfmon pebs bts xtopology nonstop_tsc aperfmperf pni pclmulqdq dtes64 monitor ds_cpl vmx smx est tm2 ssse3 cx16 xtpr pdcm pcid sse4_1 sse4_2 x2apic popcnt tsc_deadline_timer aes xsave avx lahf_lm ida arat epb xsaveopt pln pts dtherm tpr_shadow vnmi flexpriority ept vpid
bogomips	: 4983.45
clflush size	: 64
cache_alignment	: 64
address sizes	: 36 bits physical, 48 bits virtual
power management:

processor	: 1
vendor_id	: GenuineIntel
cpu family	: 6
model		: 42
model name	: Intel(R) Core(TM) i5-2520M CPU @ 2.50GHz
stepping	: 7
microcode	: 0x28
cpu MHz		: 800.000
cache size	: 3072 KB
physical id	: 0
siblings	: 4
core id		: 0
cpu cores	: 2
apicid		: 1
initial apicid	: 1
fdiv_bug	: no
hlt_bug		: no
f00f_bug	: no
coma_bug	: no
fpu		: yes
fpu_exception	: yes
cpuid level	: 13
wp		: yes
flags		: fpu vme de pse tsc msr pae mce cx8 apic sep mtrr pge mca cmov pat pse36 clflush dts acpi mmx fxsr sse sse2 ss ht tm pbe nx rdtscp lm constant_tsc arch_perfmon pebs bts xtopology nonstop_tsc aperfmperf pni pclmulqdq dtes64 monitor ds_cpl vmx smx est tm2 ssse3 cx16 xtpr pdcm pcid sse4_1 sse4_2 x2apic popcnt tsc_deadline_timer aes xsave avx lahf_lm ida arat epb xsaveopt pln pts dtherm tpr_shadow vnmi flexpriority ept vpid
bogomips	: 4983.63
clflush size	: 64
cache_alignment	: 64
address sizes	: 36 bits physical, 48 bits virtual
power management:

processor	: 2
vendor_id	: GenuineIntel
cpu family	: 6
model		: 42
model name	: Intel(R) Core(TM) i5-2520M CPU @ 2.50GHz
stepping	: 7
microcode	: 0x28
cpu MHz		: 1000.000
cache size	: 3072 KB
physical id	: 0
siblings	: 4
core id		: 1
cpu cores	: 2
apicid		: 2
initial apicid	: 2
fdiv_bug	: no
hlt_bug		: no
f00f_bug	: no
coma_bug	: no
fpu		: yes
fpu_exception	: yes
cpuid level	: 13
wp		: yes
flags		: fpu vme de pse tsc msr pae mce cx8 apic sep mtrr pge mca cmov pat pse36 clflush dts acpi mmx fxsr sse sse2 ss ht tm pbe nx rdtscp lm constant_tsc arch_perfmon pebs bts xtopology nonstop_tsc aperfmperf pni pclmulqdq dtes64 monitor ds_cpl vmx smx est tm2 ssse3 cx16 xtpr pdcm pcid sse4_1 sse4_2 x2apic popcnt tsc_deadline_timer aes xsave avx lahf_lm ida arat epb xsaveopt pln pts dtherm tpr_shadow vnmi flexpriority ept vpid
bogomips	: 4983.64
clflush size	: 64
cache_alignment	: 64
address sizes	: 36 bits physical, 48 bits virtual
power management:

processor	: 3
vendor_id	: GenuineIntel
cpu family	: 6
model		: 42
model name	: Intel(R) Core(TM) i5-2520M CPU @ 2.50GHz
stepping	: 7
microcode	: 0x28
cpu MHz		: 2501.000
cache size	: 3072 KB
physical id	: 0
siblings	: 4
core id		: 1
cpu cores	: 2
apicid		: 3
initial apicid	: 3
fdiv_bug	: no
hlt_bug		: no
f00f_bug	: no
coma_bug	: no
fpu		: yes
fpu_exception	: yes
cpuid level	: 13
wp		: yes
flags		: fpu vme de pse tsc msr pae mce cx8 apic sep mtrr pge mca cmov pat pse36 clflush dts acpi mmx fxsr sse sse2 ss ht tm pbe nx rdtscp lm constant_tsc arch_perfmon pebs bts xtopology nonstop_tsc aperfmperf pni pclmulqdq dtes64 monitor ds_cpl vmx smx est tm2 ssse3 cx16 xtpr pdcm pcid sse4_1 sse4_2 x2apic popcnt tsc_deadline_timer aes xsave avx lahf_lm ida arat epb xsaveopt pln pts dtherm tpr_shadow vnmi flexpriority ept vpid
bogomips	: 4983.62
clflush size	: 64
cache_alignment	: 64
address sizes	: 36 bits physical, 48 bits virtual
power management:



Memory: 4k page, physical 4008132k(626764k free), swap 4077564k(4077564k free)

vm_info: Java HotSpot(TM) Server VM (24.0-b56) for linux-x86 JRE (1.7.0_40-b43), built on Aug 26 2013 22:01:21 by "java_re" with gcc 4.3.0 20080428 (Red Hat 4.3.0-8)

time: Mon Sep 23 13:51:28 2013
elapsed time: 0 seconds

