#
# A fatal error has been detected by the Java Runtime Environment:
#
#  Internal Error (javaClasses.cpp:136), pid=13096, tid=3061988160
#  fatal error: Invalid layout of preloaded class
#
# JRE version:  (7.0_40-b43) (build )
# Java VM: Java HotSpot(TM) Server VM (24.0-b56 mixed mode linux-x86 )
# Failed to write core dump. Core dumps have been disabled. To enable core dumping, try "ulimit -c unlimited" before starting Java again
#
# If you would like to submit a bug report, please visit:
#   http://bugreport.sun.com/bugreport/crash.jsp
#

---------------  T H R E A D  ---------------

Current thread (0xb6607400):  JavaThread "Unknown thread" [_thread_in_vm, id=13101, stack(0xb67d3000,0xb6824000)]

Stack: [0xb67d3000,0xb6824000],  sp=0xb6822d80,  free space=319k
Native frames: (J=compiled Java code, j=interpreted, Vv=VM code, C=native code)
V  [libjvm.so+0x7dc0e6]  VMError::report_and_die()+0x1a6
V  [libjvm.so+0x33a8ec]  report_fatal(char const*, int, char const*)+0x4c
V  [libjvm.so+0x484dee]  compute_offset(int&, klassOopDesc*, Symbol*, Symbol*, bool)+0x10e
V  [libjvm.so+0x487144]  java_lang_String::compute_offsets()+0x44
V  [libjvm.so+0x76963d]  SystemDictionary::initialize_preloaded_classes(Thread*)+0x22d
V  [libjvm.so+0x7b2070]  Universe::genesis(Thread*)+0x410
V  [libjvm.so+0x7b24df]  universe2_init()+0x1f
V  [libjvm.so+0x44a040]  init_globals()+0xa0
V  [libjvm.so+0x79a510]  Threads::create_vm(JavaVMInitArgs*, bool*)+0x200
V  [libjvm.so+0x4bba3c]  JNI_CreateJavaVM+0x5c
C  [libjli.so+0x2668]  JavaMain+0x98
C  [libpthread.so.0+0x6d4c]  start_thread+0xcc


---------------  P R O C E S S  ---------------

Java Threads: ( => current thread )

Other Threads:

=>0xb6607400 (exited) JavaThread "Unknown thread" [_thread_in_vm, id=13101, stack(0xb67d3000,0xb6824000)]

VM state:not at safepoint (not fully initialized)

VM Mutex/Monitor currently owned by a thread: None

GC Heap History (0 events):
No events

Deoptimization events (0 events):
No events

Internal exceptions (0 events):
No events

Events (10 events):
Event: 0.007 loading class 0x71b24670 done
Event: 0.007 loading class 0x71b24100 done
Event: 0.007 loading class 0x71b240e0
Event: 0.007 loading class 0x71b2b408
Event: 0.007 loading class 0x71b2b408 done
Event: 0.007 loading class 0x71b2b438
Event: 0.007 loading class 0x71b2b438 done
Event: 0.007 loading class 0x71b2b468
Event: 0.007 loading class 0x71b2b468 done
Event: 0.007 loading class 0x71b240e0 done


Dynamic libraries:
08048000-08049000 r-xp 00000000 08:06 2495324    /usr/lib/jvm/java-7-oracle/bin/java
08049000-0804a000 rw-p 00000000 08:06 2495324    /usr/lib/jvm/java-7-oracle/bin/java
08fef000-09010000 rw-p 00000000 00:00 0          [heap]
6ee6d000-6f086000 rw-p 00000000 00:00 0 
6f086000-6f14c000 r--s 0116f000 08:06 1057259    /home/ytong3/Development/adt-bundle-linux-x86/sdk/platforms/android-17/android.jar
6f14c000-71600000 rw-p 00000000 00:00 0 
71600000-71621000 rw-p 00000000 00:00 0 
71621000-71700000 ---p 00000000 00:00 0 
7177f000-71780000 ---p 00000000 00:00 0 
71780000-71800000 rw-p 00000000 00:00 0 
71800000-71821000 rw-p 00000000 00:00 0 
71821000-71900000 ---p 00000000 00:00 0 
7197f000-71980000 ---p 00000000 00:00 0 
71980000-71a00000 rw-p 00000000 00:00 0 
71a00000-71a21000 rw-p 00000000 00:00 0 
71a21000-71b00000 ---p 00000000 00:00 0 
71b24000-71b7f000 rw-p 00000000 00:00 0 
71b7f000-71b80000 ---p 00000000 00:00 0 
71b80000-71c00000 rw-p 00000000 00:00 0 
71c00000-71c21000 rw-p 00000000 00:00 0 
71c21000-71d00000 ---p 00000000 00:00 0 
71d09000-71d2d000 rw-p 00000000 00:00 0 
71d2d000-71d2e000 ---p 00000000 00:00 0 
71d2e000-71dc3000 rw-p 00000000 00:00 0 
71dc3000-71ef5000 rw-p 00000000 00:00 0 
71ef5000-71efd000 rw-p 00000000 00:00 0 
71efd000-71f15000 rw-p 00000000 00:00 0 
71f15000-71f2a000 rw-p 00000000 00:00 0 
71f2a000-7205b000 rw-p 00000000 00:00 0 
7205b000-72066000 rw-p 00000000 00:00 0 
72066000-720ff000 rw-p 00000000 00:00 0 
720ff000-73100000 rw-p 00000000 00:00 0 
73100000-76100000 rw-p 00000000 00:00 0 
76100000-789c0000 rw-p 00000000 00:00 0 
789c0000-9ee40000 rw-p 00000000 00:00 0 
9ee40000-a02c0000 rw-p 00000000 00:00 0 
a02c0000-b3500000 rw-p 00000000 00:00 0 
b351e000-b3527000 rw-p 00000000 00:00 0 
b3527000-b35de000 rw-p 00000000 00:00 0 
b35de000-b381e000 rwxp 00000000 00:00 0 
b381e000-b65de000 rw-p 00000000 00:00 0 
b65de000-b65e5000 r-xp 00000000 08:06 3549832    /lib/i386-linux-gnu/libnss_compat-2.15.so
b65e5000-b65e6000 r--p 00006000 08:06 3549832    /lib/i386-linux-gnu/libnss_compat-2.15.so
b65e6000-b65e7000 rw-p 00007000 08:06 3549832    /lib/i386-linux-gnu/libnss_compat-2.15.so
b6600000-b665d000 rw-p 00000000 00:00 0 
b665d000-b6700000 ---p 00000000 00:00 0 
b6721000-b6742000 rw-p 00000000 00:00 0 
b6742000-b675a000 rw-p 00000000 00:00 0 
b675a000-b6765000 r-xp 00000000 08:06 3549842    /lib/i386-linux-gnu/libnss_files-2.15.so
b6765000-b6766000 r--p 0000a000 08:06 3549842    /lib/i386-linux-gnu/libnss_files-2.15.so
b6766000-b6767000 rw-p 0000b000 08:06 3549842    /lib/i386-linux-gnu/libnss_files-2.15.so
b6767000-b6771000 r-xp 00000000 08:06 3549858    /lib/i386-linux-gnu/libnss_nis-2.15.so
b6771000-b6772000 r--p 00009000 08:06 3549858    /lib/i386-linux-gnu/libnss_nis-2.15.so
b6772000-b6773000 rw-p 0000a000 08:06 3549858    /lib/i386-linux-gnu/libnss_nis-2.15.so
b6774000-b678b000 r-xp 00000000 08:06 2495123    /usr/lib/jvm/java-7-oracle/jre/lib/i386/libzip.so
b678b000-b678c000 rw-p 00017000 08:06 2495123    /usr/lib/jvm/java-7-oracle/jre/lib/i386/libzip.so
b678c000-b67a2000 r-xp 00000000 08:06 3549906    /lib/i386-linux-gnu/libnsl-2.15.so
b67a2000-b67a3000 r--p 00015000 08:06 3549906    /lib/i386-linux-gnu/libnsl-2.15.so
b67a3000-b67a4000 rw-p 00016000 08:06 3549906    /lib/i386-linux-gnu/libnsl-2.15.so
b67a4000-b67a6000 rw-p 00000000 00:00 0 
b67a6000-b67c9000 r-xp 00000000 08:06 2495091    /usr/lib/jvm/java-7-oracle/jre/lib/i386/libjava.so
b67c9000-b67ca000 rw-p 00022000 08:06 2495091    /usr/lib/jvm/java-7-oracle/jre/lib/i386/libjava.so
b67ca000-b67d1000 r-xp 00000000 08:06 3549854    /lib/i386-linux-gnu/librt-2.15.so
b67d1000-b67d2000 r--p 00006000 08:06 3549854    /lib/i386-linux-gnu/librt-2.15.so
b67d2000-b67d3000 rw-p 00007000 08:06 3549854    /lib/i386-linux-gnu/librt-2.15.so
b67d3000-b67d6000 ---p 00000000 00:00 0 
b67d6000-b6824000 rw-p 00000000 00:00 0 
b6824000-b684e000 r-xp 00000000 08:06 3549870    /lib/i386-linux-gnu/libm-2.15.so
b684e000-b684f000 r--p 00029000 08:06 3549870    /lib/i386-linux-gnu/libm-2.15.so
b684f000-b6850000 rw-p 0002a000 08:06 3549870    /lib/i386-linux-gnu/libm-2.15.so
b6850000-b70c7000 r-xp 00000000 08:06 2495104    /usr/lib/jvm/java-7-oracle/jre/lib/i386/server/libjvm.so
b70c7000-b712b000 rw-p 00877000 08:06 2495104    /usr/lib/jvm/java-7-oracle/jre/lib/i386/server/libjvm.so
b712b000-b754f000 rw-p 00000000 00:00 0 
b754f000-b76f2000 r-xp 00000000 08:06 3542840    /lib/i386-linux-gnu/libc-2.15.so
b76f2000-b76f4000 r--p 001a3000 08:06 3542840    /lib/i386-linux-gnu/libc-2.15.so
b76f4000-b76f5000 rw-p 001a5000 08:06 3542840    /lib/i386-linux-gnu/libc-2.15.so
b76f5000-b76f8000 rw-p 00000000 00:00 0 
b76f8000-b76fb000 r-xp 00000000 08:06 3549886    /lib/i386-linux-gnu/libdl-2.15.so
b76fb000-b76fc000 r--p 00002000 08:06 3549886    /lib/i386-linux-gnu/libdl-2.15.so
b76fc000-b76fd000 rw-p 00003000 08:06 3549886    /lib/i386-linux-gnu/libdl-2.15.so
b76fd000-b7710000 r-xp 00000000 08:06 2495049    /usr/lib/jvm/java-7-oracle/jre/lib/i386/jli/libjli.so
b7710000-b7711000 rw-p 00012000 08:06 2495049    /usr/lib/jvm/java-7-oracle/jre/lib/i386/jli/libjli.so
b7711000-b7712000 rw-p 00000000 00:00 0 
b7712000-b7729000 r-xp 00000000 08:06 3549862    /lib/i386-linux-gnu/libpthread-2.15.so
b7729000-b772a000 r--p 00016000 08:06 3549862    /lib/i386-linux-gnu/libpthread-2.15.so
b772a000-b772b000 rw-p 00017000 08:06 3549862    /lib/i386-linux-gnu/libpthread-2.15.so
b772b000-b772e000 rw-p 00000000 00:00 0 
b772e000-b7730000 rw-p 00000000 00:00 0 
b7730000-b7738000 rw-s 00000000 08:06 265649     /tmp/hsperfdata_ytong3/13096
b7738000-b7739000 rw-p 00000000 00:00 0 
b7739000-b773a000 r--p 00000000 00:00 0 
b773a000-b7745000 r-xp 00000000 08:06 2495117    /usr/lib/jvm/java-7-oracle/jre/lib/i386/libverify.so
b7745000-b7746000 rw-p 0000b000 08:06 2495117    /usr/lib/jvm/java-7-oracle/jre/lib/i386/libverify.so
b7746000-b7748000 rw-p 00000000 00:00 0 
b7748000-b7749000 r-xp 00000000 00:00 0          [vdso]
b7749000-b7769000 r-xp 00000000 08:06 3549874    /lib/i386-linux-gnu/ld-2.15.so
b7769000-b776a000 r--p 0001f000 08:06 3549874    /lib/i386-linux-gnu/ld-2.15.so
b776a000-b776b000 rw-p 00020000 08:06 3549874    /lib/i386-linux-gnu/ld-2.15.so
bfa93000-bfab4000 rw-p 00000000 00:00 0          [stack]

VM Arguments:
jvm_args: -Dfile.encoding=UTF-8 -Xbootclasspath:/home/ytong3/Development/adt-bundle-linux-x86/sdk/platforms/android-17/android.jar 
java_command: DemoForBswabe
Launcher Type: SUN_STANDARD

Environment Variables:
PATH=/usr/lib/lightdm/lightdm:/usr/local/sbin:/usr/local/bin:/usr/sbin:/usr/bin:/sbin:/bin:/usr/games:/home/ytong3/Development/adt-bundle-linux-x86/sdk/platform-tools
LD_LIBRARY_PATH=/usr/lib/jvm/java-7-oracle/jre/lib/i386/server:/usr/lib/jvm/java-7-oracle/jre/lib/i386:/usr/lib/jvm/java-7-oracle/jre/../lib/i386:/usr/lib/jvm/java-7-oracle/jre/lib/i386/client:/usr/lib/jvm/java-7-oracle/jre/lib/i386:
SHELL=/bin/bash
DISPLAY=:0.0

Signal Handlers:
SIGSEGV: [libjvm.so+0x7dcc00], sa_mask[0]=0x7ffbfeff, sa_flags=0x10000004
SIGBUS: [libjvm.so+0x7dcc00], sa_mask[0]=0x7ffbfeff, sa_flags=0x10000004
SIGFPE: [libjvm.so+0x678400], sa_mask[0]=0x7ffbfeff, sa_flags=0x10000004
SIGPIPE: [libjvm.so+0x678400], sa_mask[0]=0x7ffbfeff, sa_flags=0x10000004
SIGXFSZ: [libjvm.so+0x678400], sa_mask[0]=0x7ffbfeff, sa_flags=0x10000004
SIGILL: [libjvm.so+0x678400], sa_mask[0]=0x7ffbfeff, sa_flags=0x10000004
SIGUSR1: SIG_DFL, sa_mask[0]=0x00000000, sa_flags=0x00000000
SIGUSR2: [libjvm.so+0x6798f0], sa_mask[0]=0x00000004, sa_flags=0x10000004
SIGHUP: SIG_DFL, sa_mask[0]=0x00000000, sa_flags=0x00000000
SIGINT: SIG_DFL, sa_mask[0]=0x00000000, sa_flags=0x00000000
SIGTERM: SIG_DFL, sa_mask[0]=0x00000000, sa_flags=0x00000000
SIGQUIT: SIG_DFL, sa_mask[0]=0x00000000, sa_flags=0x00000000


---------------  S Y S T E M  ---------------

OS:wheezy/sid

uname:Linux 3.2.0-53-generic-pae #81-Ubuntu SMP Thu Aug 22 21:23:47 UTC 2013 i686
libc:glibc 2.15 NPTL 2.15 
rlimit: STACK 8192k, CORE 0k, NPROC 31154, NOFILE 4096, AS infinity
load average:1.36 0.66 0.45

/proc/meminfo:
MemTotal:        4008132 kB
MemFree:          574988 kB
Buffers:          304340 kB
Cached:          1880412 kB
SwapCached:            0 kB
Active:          1922908 kB
Inactive:        1312912 kB
Active(anon):    1058824 kB
Inactive(anon):   143928 kB
Active(file):     864084 kB
Inactive(file):  1168984 kB
Unevictable:         132 kB
Mlocked:             132 kB
HighTotal:       3163784 kB
HighFree:         212832 kB
LowTotal:         844348 kB
LowFree:          362156 kB
SwapTotal:       4077564 kB
SwapFree:        4077564 kB
Dirty:               316 kB
Writeback:             0 kB
AnonPages:       1051252 kB
Mapped:           221736 kB
Shmem:            151688 kB
Slab:             155316 kB
SReclaimable:     131932 kB
SUnreclaim:        23384 kB
KernelStack:        4488 kB
PageTables:        15848 kB
NFS_Unstable:          0 kB
Bounce:                0 kB
WritebackTmp:          0 kB
CommitLimit:     6081628 kB
Committed_AS:    4630868 kB
VmallocTotal:     122880 kB
VmallocUsed:       17608 kB
VmallocChunk:     103924 kB
HardwareCorrupted:     0 kB
AnonHugePages:         0 kB
HugePages_Total:       0
HugePages_Free:        0
HugePages_Rsvd:        0
HugePages_Surp:        0
Hugepagesize:       2048 kB
DirectMap4k:       10232 kB
DirectMap2M:      903168 kB


CPU:total 4 (2 cores per cpu, 2 threads per core) family 6 model 42 stepping 7, cmov, cx8, fxsr, mmx, sse, sse2, sse3, ssse3, sse4.1, sse4.2, popcnt, avx, aes, ht, tsc, tscinvbit

/proc/cpuinfo:
processor	: 0
vendor_id	: GenuineIntel
cpu family	: 6
model		: 42
model name	: Intel(R) Core(TM) i5-2520M CPU @ 2.50GHz
stepping	: 7
microcode	: 0x28
cpu MHz		: 2501.000
cache size	: 3072 KB
physical id	: 0
siblings	: 4
core id		: 0
cpu cores	: 2
apicid		: 0
initial apicid	: 0
fdiv_bug	: no
hlt_bug		: no
f00f_bug	: no
coma_bug	: no
fpu		: yes
fpu_exception	: yes
cpuid level	: 13
wp		: yes
flags		: fpu vme de pse tsc msr pae mce cx8 apic sep mtrr pge mca cmov pat pse36 clflush dts acpi mmx fxsr sse sse2 ss ht tm pbe nx rdtscp lm constant_tsc arch_perfmon pebs bts xtopology nonstop_tsc aperfmperf pni pclmulqdq dtes64 monitor ds_cpl vmx smx est tm2 ssse3 cx16 xtpr pdcm pcid sse4_1 sse4_2 x2apic popcnt tsc_deadline_timer aes xsave avx lahf_lm ida arat epb xsaveopt pln pts dtherm tpr_shadow vnmi flexpriority ept vpid
bogomips	: 4983.45
clflush size	: 64
cache_alignment	: 64
address sizes	: 36 bits physical, 48 bits virtual
power management:

processor	: 1
vendor_id	: GenuineIntel
cpu family	: 6
model		: 42
model name	: Intel(R) Core(TM) i5-2520M CPU @ 2.50GHz
stepping	: 7
microcode	: 0x28
cpu MHz		: 2501.000
cache size	: 3072 KB
physical id	: 0
siblings	: 4
core id		: 0
cpu cores	: 2
apicid		: 1
initial apicid	: 1
fdiv_bug	: no
hlt_bug		: no
f00f_bug	: no
coma_bug	: no
fpu		: yes
fpu_exception	: yes
cpuid level	: 13
wp		: yes
flags		: fpu vme de pse tsc msr pae mce cx8 apic sep mtrr pge mca cmov pat pse36 clflush dts acpi mmx fxsr sse sse2 ss ht tm pbe nx rdtscp lm constant_tsc arch_perfmon pebs bts xtopology nonstop_tsc aperfmperf pni pclmulqdq dtes64 monitor ds_cpl vmx smx est tm2 ssse3 cx16 xtpr pdcm pcid sse4_1 sse4_2 x2apic popcnt tsc_deadline_timer aes xsave avx lahf_lm ida arat epb xsaveopt pln pts dtherm tpr_shadow vnmi flexpriority ept vpid
bogomips	: 4983.63
clflush size	: 64
cache_alignment	: 64
address sizes	: 36 bits physical, 48 bits virtual
power management:

processor	: 2
vendor_id	: GenuineIntel
cpu family	: 6
model		: 42
model name	: Intel(R) Core(TM) i5-2520M CPU @ 2.50GHz
stepping	: 7
microcode	: 0x28
cpu MHz		: 2501.000
cache size	: 3072 KB
physical id	: 0
siblings	: 4
core id		: 1
cpu cores	: 2
apicid		: 2
initial apicid	: 2
fdiv_bug	: no
hlt_bug		: no
f00f_bug	: no
coma_bug	: no
fpu		: yes
fpu_exception	: yes
cpuid level	: 13
wp		: yes
flags		: fpu vme de pse tsc msr pae mce cx8 apic sep mtrr pge mca cmov pat pse36 clflush dts acpi mmx fxsr sse sse2 ss ht tm pbe nx rdtscp lm constant_tsc arch_perfmon pebs bts xtopology nonstop_tsc aperfmperf pni pclmulqdq dtes64 monitor ds_cpl vmx smx est tm2 ssse3 cx16 xtpr pdcm pcid sse4_1 sse4_2 x2apic popcnt tsc_deadline_timer aes xsave avx lahf_lm ida arat epb xsaveopt pln pts dtherm tpr_shadow vnmi flexpriority ept vpid
bogomips	: 4983.64
clflush size	: 64
cache_alignment	: 64
address sizes	: 36 bits physical, 48 bits virtual
power management:

processor	: 3
vendor_id	: GenuineIntel
cpu family	: 6
model		: 42
model name	: Intel(R) Core(TM) i5-2520M CPU @ 2.50GHz
stepping	: 7
microcode	: 0x28
cpu MHz		: 2501.000
cache size	: 3072 KB
physical id	: 0
siblings	: 4
core id		: 1
cpu cores	: 2
apicid		: 3
initial apicid	: 3
fdiv_bug	: no
hlt_bug		: no
f00f_bug	: no
coma_bug	: no
fpu		: yes
fpu_exception	: yes
cpuid level	: 13
wp		: yes
flags		: fpu vme de pse tsc msr pae mce cx8 apic sep mtrr pge mca cmov pat pse36 clflush dts acpi mmx fxsr sse sse2 ss ht tm pbe nx rdtscp lm constant_tsc arch_perfmon pebs bts xtopology nonstop_tsc aperfmperf pni pclmulqdq dtes64 monitor ds_cpl vmx smx est tm2 ssse3 cx16 xtpr pdcm pcid sse4_1 sse4_2 x2apic popcnt tsc_deadline_timer aes xsave avx lahf_lm ida arat epb xsaveopt pln pts dtherm tpr_shadow vnmi flexpriority ept vpid
bogomips	: 4983.62
clflush size	: 64
cache_alignment	: 64
address sizes	: 36 bits physical, 48 bits virtual
power management:



Memory: 4k page, physical 4008132k(574988k free), swap 4077564k(4077564k free)

vm_info: Java HotSpot(TM) Server VM (24.0-b56) for linux-x86 JRE (1.7.0_40-b43), built on Aug 26 2013 22:01:21 by "java_re" with gcc 4.3.0 20080428 (Red Hat 4.3.0-8)

time: Mon Sep 23 13:51:41 2013
elapsed time: 0 seconds

